<?xml version="1.0" encoding="windows-1252" standalone="no"?>
<!DOCTYPE log SYSTEM "logger.dtd">
<log>
<record>
  <date>2018-09-26T10:33:14</date>
  <millis>1537950794778</millis>
  <sequence>0</sequence>
  <logger>jMetal</logger>
  <level>INFO</level>
  <class>jmetal.metaheuristics.abyss.AbYSS_main</class>
  <method>main</method>
  <thread>1</thread>
  <message>Total execution time: 430ms</message>
</record>
<record>
  <date>2018-09-26T10:33:14</date>
  <millis>1537950794798</millis>
  <sequence>1</sequence>
  <logger>jMetal</logger>
  <level>INFO</level>
  <class>jmetal.metaheuristics.abyss.AbYSS_main</class>
  <method>main</method>
  <thread>1</thread>
  <message>Variables values have been writen to file VAR</message>
</record>
<record>
  <date>2018-09-26T10:33:14</date>
  <millis>1537950794978</millis>
  <sequence>2</sequence>
  <logger>jMetal</logger>
  <level>INFO</level>
  <class>jmetal.metaheuristics.abyss.AbYSS_main</class>
  <method>main</method>
  <thread>1</thread>
  <message>Objectives values have been writen to file FUN</message>
</record>
</log>
