<?xml version="1.0" encoding="UTF-8" standalone="no"?>
<!DOCTYPE log SYSTEM "logger.dtd">
<log>
<record>
  <date>2018-12-04T21:38:57</date>
  <millis>1543955937703</millis>
  <sequence>0</sequence>
  <logger>jMetal</logger>
  <level>INFO</level>
  <class>jmetal.metaheuristics.nsgaII.NSGAII_main</class>
  <method>main</method>
  <thread>1</thread>
  <message>Total execution time: 2157ms</message>
</record>
<record>
  <date>2018-12-04T21:38:57</date>
  <millis>1543955937740</millis>
  <sequence>1</sequence>
  <logger>jMetal</logger>
  <level>INFO</level>
  <class>jmetal.metaheuristics.nsgaII.NSGAII_main</class>
  <method>main</method>
  <thread>1</thread>
  <message>Variables values have been writen to file VAR</message>
</record>
<record>
  <date>2018-12-04T21:38:57</date>
  <millis>1543955937755</millis>
  <sequence>2</sequence>
  <logger>jMetal</logger>
  <level>INFO</level>
  <class>jmetal.metaheuristics.nsgaII.NSGAII_main</class>
  <method>main</method>
  <thread>1</thread>
  <message>Objectives values have been writen to file FUN</message>
</record>
</log>
